\BOOKMARK [0][-]{chapter*.4}{Introduction}{}% 1
\BOOKMARK [0][-]{chapter.1}{Chapter 1: Literature Review}{}% 2
\BOOKMARK [1][-]{section.1.1}{Research Principals}{chapter.1}% 3
\BOOKMARK [1][-]{section.1.2}{Gender Identity}{chapter.1}% 4
\BOOKMARK [1][-]{section.1.3}{Transgender Identities}{chapter.1}% 5
\BOOKMARK [1][-]{section.1.4}{Gendered Pronouns}{chapter.1}% 6
\BOOKMARK [0][-]{chapter.2}{Chapter 2: Methods}{}% 7
\BOOKMARK [1][-]{section.2.1}{Participants}{chapter.2}% 8
\BOOKMARK [1][-]{section.2.2}{Survey}{chapter.2}% 9
\BOOKMARK [2][-]{subsection.2.2.1}{Gendered Pronoun Attitude Survey \(GPAS\)}{section.2.2}% 10
\BOOKMARK [2][-]{subsection.2.2.2}{Transgender Inclusive Behavior Scale \(TIBS\)}{section.2.2}% 11
\BOOKMARK [2][-]{subsection.2.2.3}{Transgender Congruence Scale \(TCS\)}{section.2.2}% 12
\BOOKMARK [2][-]{subsection.2.2.4}{Demographic Quesitons}{section.2.2}% 13
\BOOKMARK [0][-]{chapter.3}{Chapter 3: Results}{}% 14
\BOOKMARK [1][-]{section.3.1}{Demographics}{chapter.3}% 15
\BOOKMARK [2][-]{subsection.3.1.1}{Gender}{section.3.1}% 16
\BOOKMARK [2][-]{subsection.3.1.2}{Pronouns}{section.3.1}% 17
\BOOKMARK [2][-]{subsection.3.1.3}{Sexuality}{section.3.1}% 18
\BOOKMARK [1][-]{section.3.2}{Experiences with Misgendering}{chapter.3}% 19
\BOOKMARK [1][-]{section.3.3}{Gender Congruence}{chapter.3}% 20
\BOOKMARK [1][-]{section.3.4}{Transgender Inclusive Behaviors}{chapter.3}% 21
\BOOKMARK [1][-]{section.3.5}{Pronouns}{chapter.3}% 22
\BOOKMARK [2][-]{subsection.3.5.1}{Comfort sharing pronouns}{section.3.5}% 23
\BOOKMARK [2][-]{subsection.3.5.2}{Desire to share pronouns}{section.3.5}% 24
\BOOKMARK [2][-]{subsection.3.5.3}{Concerns about sharing pronouns}{section.3.5}% 25
\BOOKMARK [2][-]{subsection.3.5.4}{Congruence and perception of pronouns}{section.3.5}% 26
\BOOKMARK [2][-]{subsection.3.5.5}{Historical experience at Reed College}{section.3.5}% 27
\BOOKMARK [2][-]{subsection.3.5.6}{Primary Component Analysis}{section.3.5}% 28
\BOOKMARK [0][-]{chapter.4}{Chapter 4: Discussion}{}% 29
\BOOKMARK [1][-]{section.4.1}{Gender Identity}{chapter.4}% 30
\BOOKMARK [1][-]{section.4.2}{Pronouns}{chapter.4}% 31
\BOOKMARK [1][-]{section.4.3}{Experiences with Misgendering}{chapter.4}% 32
\BOOKMARK [1][-]{section.4.4}{Gender Congruence}{chapter.4}% 33
\BOOKMARK [1][-]{section.4.5}{Transgender Inclusive Behaviors}{chapter.4}% 34
\BOOKMARK [1][-]{section.4.6}{Primary Component Analysis}{chapter.4}% 35
\BOOKMARK [1][-]{section.4.7}{Cisgender People}{chapter.4}% 36
\BOOKMARK [1][-]{section.4.8}{Limitations}{chapter.4}% 37
\BOOKMARK [0][-]{appendix*.10}{Appendix}{}% 38
\BOOKMARK [0][-]{appendix*.11}{References}{}% 39
